
Showing logs for build [32mcb-kubecd-bdd-gh-1585384862-pr-hhfzr-1[0m stage [32mfrom-build-pack[0m and container [32mstep-credential-initializer-rqrmt[0m
{"level":"warn","ts":1585386939.175284,"logger":"fallback-logger","caller":"logging/config.go:69","msg":"Fetch GitHub commit ID from kodata failed: \"ref: refs/heads/0.8.0-**-support-backwards-incompats\" is not a valid GitHub commit ID"}
{"level":"info","ts":1585386939.1760478,"logger":"fallback-logger","caller":"creds-init/main.go:40","msg":"Credentials initialized."}

Showing logs for build [32mcb-kubecd-bdd-gh-1585384862-pr-hhfzr-1[0m stage [32mfrom-build-pack[0m and container [32mstep-working-dir-initializer-mng8q[0m
{"level":"warn","ts":1585386939.567092,"logger":"fallback-logger","caller":"logging/config.go:69","msg":"Fetch GitHub commit ID from kodata failed: open /var/run/ko/HEAD: no such file or directory"}
{"level":"info","ts":1585386939.5686045,"logger":"fallback-logger","caller":"bash/main.go:64","msg":"Successfully executed command \"sh -c mkdir -p /workspace/source\"; output "}

Showing logs for build [32mcb-kubecd-bdd-gh-1585384862-pr-hhfzr-1[0m stage [32mfrom-build-pack[0m and container [32mstep-place-tools[0m

Showing logs for build [32mcb-kubecd-bdd-gh-1585384862-pr-hhfzr-1[0m stage [32mfrom-build-pack[0m and container [32mstep-git-source-cb-kubecd-bdd-gh-1585384862-pr-hhfzr-lvqw6[0m
{"level":"warn","ts":1585386945.7802875,"logger":"fallback-logger","caller":"logging/config.go:69","msg":"Fetch GitHub commit ID from kodata failed: \"ref: refs/heads/0.8.0-**-support-backwards-incompats\" is not a valid GitHub commit ID"}
{"level":"info","ts":1585386946.9647384,"logger":"fallback-logger","caller":"git/git.go:103","msg":"Successfully cloned https://github.com/cb-kubecd/bdd-gh-1585384862.git @ master in path /workspace/source"}

Showing logs for build [32mcb-kubecd-bdd-gh-1585384862-pr-hhfzr-1[0m stage [32mfrom-build-pack[0m and container [32mstep-git-merge[0m
Using SHAs from PULL_REFS=master:61cc3a331d5713cbf27b85eee7f3df4f5fb947b6,1:d279a88d1c476e077e6c2f48d304e3f5d3d5ebda
DEBUG: LC_ALL=C JX_LOG_LEVEL=error git fetch origin --unshallow d279a88d1c476e077e6c2f48d304e3f5d3d5ebda: 61cc3a331d5713cbf27b85eee7f3df4f5fb947b6:
DEBUG: ran git fetch --unshallow origin d279a88d1c476e077e6c2f48d304e3f5d3d5ebda: 61cc3a331d5713cbf27b85eee7f3df4f5fb947b6: in 
DEBUG: LC_ALL=C JX_LOG_LEVEL=error git branch
DEBUG: JX_LOG_LEVEL=error LC_ALL=C git checkout master
DEBUG: ran git checkout master in 
DEBUG: LC_ALL=C JX_LOG_LEVEL=error git reset --hard 61cc3a331d5713cbf27b85eee7f3df4f5fb947b6
DEBUG: ran git reset --hard 61cc3a331d5713cbf27b85eee7f3df4f5fb947b6 in 
DEBUG: LC_ALL=C JX_LOG_LEVEL=error git clean -fd .
DEBUG: ran clean --force -d . in 
DEBUG: LC_ALL=C JX_LOG_LEVEL=error git merge d279a88d1c476e077e6c2f48d304e3f5d3d5ebda
DEBUG: ran git merge d279a88d1c476e077e6c2f48d304e3f5d3d5ebda in 
DEBUG: JX_LOG_LEVEL=error LC_ALL=C git log --format=%H%x1f%an%x1f%ae%x1f%cn%x1f%ce%x1f%s%n%b%x1e 61cc3a331d5713cbf27b85eee7f3df4f5fb947b6..HEAD
Merged SHA d279a88d1c476e077e6c2f48d304e3f5d3d5ebda with commit message 'My first PR commit' into base branch master

Showing logs for build [32mcb-kubecd-bdd-gh-1585384862-pr-hhfzr-1[0m stage [32mfrom-build-pack[0m and container [32mstep-build-make-linux[0m
CGO_ENABLED=0 GOOS=linux GOARCH=amd64 GO15VENDOREXPERIMENT=1 go build -ldflags '' -o bin/bdd-gh-1585384862 main.go

Showing logs for build [32mcb-kubecd-bdd-gh-1585384862-pr-hhfzr-1[0m stage [32mfrom-build-pack[0m and container [32mstep-build-container-build[0m
[36mINFO[0m[0000] No base image, nothing to extract            
[36mINFO[0m[0000] cmd: EXPOSE                                  
[36mINFO[0m[0000] Adding exposed port: 8080/tcp                
[36mINFO[0m[0000] Using files from context: [/workspace/source/bin] 
[36mINFO[0m[0000] Skipping unpacking as no commands require it. 
[36mINFO[0m[0000] Taking snapshot of full filesystem...        
[36mINFO[0m[0000] EXPOSE 8080                                  
[36mINFO[0m[0000] cmd: EXPOSE                                  
[36mINFO[0m[0000] Adding exposed port: 8080/tcp                
[36mINFO[0m[0000] No files changed in this command, skipping snapshotting. 
[36mINFO[0m[0000] ENTRYPOINT ["/bdd-gh-1585384862"]            
[36mINFO[0m[0000] No files changed in this command, skipping snapshotting. 
[36mINFO[0m[0000] Using files from context: [/workspace/source/bin] 
[36mINFO[0m[0000] COPY ./bin/ /                                
[36mINFO[0m[0000] Taking snapshot of files...                  
2020/03/28 09:16:02 pushed blob: sha256:d5d364b3c2ab72ac40cead79e7ac69793afb487947007511e9c6c888f528dec7
2020/03/28 09:16:03 pushed blob: sha256:35f794908b4cfc3edc68dc3d4bfdfbfbb4e13e0b6d972952b67fd68f585a0856
2020/03/28 09:16:04 gcr.io/jenkins-x-bdd3/bdd-gh-1585384862:0.0.0-SNAPSHOT-PR-1-1: digest: sha256:d45a201fe678f8a7f69152efca15d5f3bc0372b91e39bed1a27692d2019e8bc3 size: 428

Showing logs for build [32mcb-kubecd-bdd-gh-1585384862-pr-hhfzr-1[0m stage [32mfrom-build-pack[0m and container [32mstep-postbuild-post-build[0m
no CVE provider running in the current ** namespace so skip adding image to be analysed

Showing logs for build [32mcb-kubecd-bdd-gh-1585384862-pr-hhfzr-1[0m stage [32mfrom-build-pack[0m and container [32mstep-promote-make-preview[0m
sed -i -e "s/version:.*/version: 0.0.0-SNAPSHOT-PR-1-1/" Chart.yaml
sed -i -e "s/version:.*/version: 0.0.0-SNAPSHOT-PR-1-1/" ../*/Chart.yaml
sed -i -e "s|repository:.*|repository: gcr.io\/jenkins-x-bdd3\/bdd-gh-1585384862|" values.yaml
sed -i -e "s/tag:.*/tag: 0.0.0-SNAPSHOT-PR-1-1/" values.yaml
echo "  version: 0.0.0-SNAPSHOT-PR-1-1" >> requirements.yaml
** step helm build
WARNING: No $CHART_REPOSITORY defined so using the default value of: http://jenkins-x-chartmuseum:8080
Adding missing Helm repo: storage.googleapis.com https://storage.googleapis.com/chartmuseum.jenkins-x.io
WARNING: No secrets found on "helm/repos" due: reading the secret "helm/repos" from vault: no secret "helm/repos" not found in vault
Read credentials for https://storage.googleapis.com/chartmuseum.jenkins-x.io from vault helm/repos
Successfully added Helm repository storage.googleapis.com.
Adding missing Helm repo: jenkins-x-chartmuseum http://jenkins-x-chartmuseum:8080
WARNING: No secrets found on "helm/repos" due: reading the secret "helm/repos" from vault: no secret "helm/repos" not found in vault
Read credentials for http://jenkins-x-chartmuseum:8080 from vault helm/repos
Successfully added Helm repository jenkins-x-chartmuseum.
WARNING: No $CHART_REPOSITORY defined so using the default value of: http://jenkins-x-chartmuseum:8080
Adding missing Helm repo: chartmuseum.jenkins-x.io http://chartmuseum.jenkins-x.io
WARNING: No secrets found on "helm/repos" due: reading the secret "helm/repos" from vault: no secret "helm/repos" not found in vault
Read credentials for http://chartmuseum.jenkins-x.io from vault helm/repos
Successfully added Helm repository chartmuseum.jenkins-x.io.

Showing logs for build [32mcb-kubecd-bdd-gh-1585384862-pr-hhfzr-1[0m stage [32mfrom-build-pack[0m and container [32mstep-promote-jx-preview[0m
Creating a preview
Created environment cb-kubecd-bdd-gh-1585384862-pr-1
Namespace **-cb-kubecd-bdd-gh-1585384862-pr-1 created 
expose:
  Annotations:
    helm.sh/hook: post-install,post-upgrade
    helm.sh/hook-delete-policy: hook-succeeded
  config:
    domain: 35.233.108.207.nip.io
    exposer: Ingress
    http: "true"
preview:
  image:
    repository: gcr.io/jenkins-x-bdd3/bdd-gh-1585384862
    tag: 0.0.0-SNAPSHOT-PR-1-1

Updating PipelineActivities cb-kubecd-bdd-gh-1585384862-pr-1-1 which has status Running
Preview application is now available at: http://bdd-gh-1585384862.**-cb-kubecd-bdd-gh-1585384862-pr-1.35.233.108.207.nip.io
